{"C:\\Users\\Song sungeun\\git\\jsflag\\lib\\ts_flag.js":{"path":"C:\\Users\\Song sungeun\\git\\jsflag\\lib\\ts_flag.js","s":{"1":1,"2":1,"3":1,"4":1,"5":1,"6":1,"7":1,"8":1,"9":1,"10":4,"11":1,"12":1,"13":1,"14":6,"15":5,"16":5,"17":5,"18":2,"19":3,"20":0,"21":3,"22":3,"23":1,"24":2,"25":2,"26":2,"27":2,"28":1,"29":1,"30":1,"31":3,"32":0,"33":3,"34":1,"35":1,"36":2,"37":1,"38":1,"39":1,"40":1,"41":0,"42":0,"43":0,"44":0,"45":1,"46":1,"47":1,"48":1,"49":1,"50":0,"51":1,"52":1,"53":3,"54":0,"55":3,"56":1,"57":1,"58":4,"59":3,"60":3,"61":3,"62":1,"63":2,"64":2,"65":1,"66":2,"67":2,"68":2,"69":2,"70":1,"71":1,"72":1,"73":1,"74":1,"75":1,"76":1,"77":0,"78":0,"79":0,"80":0,"81":1,"82":15,"83":1,"84":0,"85":1,"86":7,"87":50,"88":10,"89":1,"90":15,"91":95,"92":95,"93":15,"94":0,"95":15,"96":1,"97":1},"b":{"1":[1,0,0],"2":[4,3,3],"3":[2,3],"4":[0,3],"5":[1,1],"6":[0,3],"7":[1,0],"8":[0,0],"9":[0,1],"10":[0,3],"11":[1,2],"12":[1,1],"13":[10,40],"14":[95,80,80],"15":[0,15]},"f":{"1":1,"2":1,"3":1,"4":4,"5":6,"6":2,"7":3,"8":2,"9":1,"10":3,"11":4,"12":2,"13":1,"14":0,"15":0,"16":15,"17":0,"18":7,"19":50,"20":15,"21":95},"fnMap":{"1":{"name":"(anonymous_1)","line":4,"loc":{"start":{"line":4,"column":28},"end":{"line":4,"column":40}}},"2":{"name":"TSFlag","line":5,"loc":{"start":{"line":5,"column":4},"end":{"line":5,"column":32}}},"3":{"name":"(anonymous_3)","line":15,"loc":{"start":{"line":15,"column":28},"end":{"line":15,"column":61}}},"4":{"name":"(anonymous_4)","line":17,"loc":{"start":{"line":17,"column":40},"end":{"line":17,"column":55}}},"5":{"name":"(anonymous_5)","line":26,"loc":{"start":{"line":26,"column":27},"end":{"line":26,"column":60}}},"6":{"name":"(anonymous_6)","line":37,"loc":{"start":{"line":37,"column":30},"end":{"line":37,"column":63}}},"7":{"name":"(anonymous_7)","line":44,"loc":{"start":{"line":44,"column":37},"end":{"line":44,"column":52}}},"8":{"name":"(anonymous_8)","line":56,"loc":{"start":{"line":56,"column":29},"end":{"line":56,"column":62}}},"9":{"name":"(anonymous_9)","line":68,"loc":{"start":{"line":68,"column":32},"end":{"line":68,"column":65}}},"10":{"name":"(anonymous_10)","line":75,"loc":{"start":{"line":75,"column":37},"end":{"line":75,"column":52}}},"11":{"name":"(anonymous_11)","line":87,"loc":{"start":{"line":87,"column":27},"end":{"line":87,"column":60}}},"12":{"name":"(anonymous_12)","line":97,"loc":{"start":{"line":97,"column":30},"end":{"line":97,"column":63}}},"13":{"name":"(anonymous_13)","line":112,"loc":{"start":{"line":112,"column":29},"end":{"line":112,"column":41}}},"14":{"name":"(anonymous_14)","line":120,"loc":{"start":{"line":120,"column":29},"end":{"line":120,"column":41}}},"15":{"name":"(anonymous_15)","line":122,"loc":{"start":{"line":122,"column":33},"end":{"line":122,"column":51}}},"16":{"name":"(anonymous_16)","line":127,"loc":{"start":{"line":127,"column":33},"end":{"line":127,"column":48}}},"17":{"name":"(anonymous_17)","line":130,"loc":{"start":{"line":130,"column":33},"end":{"line":130,"column":45}}},"18":{"name":"(anonymous_18)","line":138,"loc":{"start":{"line":138,"column":36},"end":{"line":138,"column":59}}},"19":{"name":"(anonymous_19)","line":139,"loc":{"start":{"line":139,"column":33},"end":{"line":139,"column":48}}},"20":{"name":"(anonymous_20)","line":150,"loc":{"start":{"line":150,"column":38},"end":{"line":150,"column":54}}},"21":{"name":"(anonymous_21)","line":151,"loc":{"start":{"line":151,"column":47},"end":{"line":151,"column":62}}}},"statementMap":{"1":{"start":{"line":2,"column":0},"end":{"line":2,"column":62}},"2":{"start":{"line":3,"column":0},"end":{"line":3,"column":24}},"3":{"start":{"line":4,"column":0},"end":{"line":161,"column":5}},"4":{"start":{"line":5,"column":4},"end":{"line":8,"column":5}},"5":{"start":{"line":6,"column":8},"end":{"line":6,"column":30}},"6":{"start":{"line":7,"column":8},"end":{"line":7,"column":63}},"7":{"start":{"line":15,"column":4},"end":{"line":20,"column":6}},"8":{"start":{"line":16,"column":8},"end":{"line":16,"column":97}},"9":{"start":{"line":17,"column":8},"end":{"line":17,"column":126}},"10":{"start":{"line":17,"column":57},"end":{"line":17,"column":122}},"11":{"start":{"line":18,"column":8},"end":{"line":18,"column":43}},"12":{"start":{"line":19,"column":8},"end":{"line":19,"column":25}},"13":{"start":{"line":26,"column":4},"end":{"line":36,"column":6}},"14":{"start":{"line":27,"column":8},"end":{"line":27,"column":96}},"15":{"start":{"line":28,"column":8},"end":{"line":28,"column":52}},"16":{"start":{"line":29,"column":8},"end":{"line":29,"column":62}},"17":{"start":{"line":30,"column":8},"end":{"line":31,"column":29}},"18":{"start":{"line":31,"column":12},"end":{"line":31,"column":29}},"19":{"start":{"line":32,"column":8},"end":{"line":33,"column":74}},"20":{"start":{"line":33,"column":12},"end":{"line":33,"column":74}},"21":{"start":{"line":34,"column":8},"end":{"line":34,"column":43}},"22":{"start":{"line":35,"column":8},"end":{"line":35,"column":35}},"23":{"start":{"line":37,"column":4},"end":{"line":50,"column":6}},"24":{"start":{"line":38,"column":8},"end":{"line":38,"column":96}},"25":{"start":{"line":39,"column":8},"end":{"line":39,"column":52}},"26":{"start":{"line":40,"column":8},"end":{"line":40,"column":62}},"27":{"start":{"line":41,"column":8},"end":{"line":42,"column":29}},"28":{"start":{"line":42,"column":12},"end":{"line":42,"column":29}},"29":{"start":{"line":43,"column":8},"end":{"line":43,"column":27}},"30":{"start":{"line":44,"column":8},"end":{"line":48,"column":11}},"31":{"start":{"line":45,"column":12},"end":{"line":46,"column":77}},"32":{"start":{"line":46,"column":16},"end":{"line":46,"column":77}},"33":{"start":{"line":47,"column":12},"end":{"line":47,"column":42}},"34":{"start":{"line":49,"column":8},"end":{"line":49,"column":25}},"35":{"start":{"line":56,"column":4},"end":{"line":67,"column":6}},"36":{"start":{"line":57,"column":8},"end":{"line":57,"column":96}},"37":{"start":{"line":58,"column":8},"end":{"line":58,"column":52}},"38":{"start":{"line":59,"column":8},"end":{"line":59,"column":62}},"39":{"start":{"line":60,"column":8},"end":{"line":61,"column":29}},"40":{"start":{"line":61,"column":12},"end":{"line":61,"column":29}},"41":{"start":{"line":63,"column":8},"end":{"line":64,"column":74}},"42":{"start":{"line":64,"column":12},"end":{"line":64,"column":74}},"43":{"start":{"line":65,"column":8},"end":{"line":65,"column":43}},"44":{"start":{"line":66,"column":8},"end":{"line":66,"column":37}},"45":{"start":{"line":68,"column":4},"end":{"line":81,"column":6}},"46":{"start":{"line":69,"column":8},"end":{"line":69,"column":96}},"47":{"start":{"line":70,"column":8},"end":{"line":70,"column":52}},"48":{"start":{"line":71,"column":8},"end":{"line":71,"column":62}},"49":{"start":{"line":72,"column":8},"end":{"line":73,"column":29}},"50":{"start":{"line":73,"column":12},"end":{"line":73,"column":29}},"51":{"start":{"line":74,"column":8},"end":{"line":74,"column":27}},"52":{"start":{"line":75,"column":8},"end":{"line":79,"column":11}},"53":{"start":{"line":76,"column":12},"end":{"line":77,"column":77}},"54":{"start":{"line":77,"column":16},"end":{"line":77,"column":77}},"55":{"start":{"line":78,"column":12},"end":{"line":78,"column":44}},"56":{"start":{"line":80,"column":8},"end":{"line":80,"column":25}},"57":{"start":{"line":87,"column":4},"end":{"line":96,"column":6}},"58":{"start":{"line":88,"column":8},"end":{"line":88,"column":96}},"59":{"start":{"line":89,"column":8},"end":{"line":89,"column":52}},"60":{"start":{"line":90,"column":8},"end":{"line":90,"column":62}},"61":{"start":{"line":91,"column":8},"end":{"line":92,"column":29}},"62":{"start":{"line":92,"column":12},"end":{"line":92,"column":29}},"63":{"start":{"line":93,"column":8},"end":{"line":93,"column":54}},"64":{"start":{"line":94,"column":8},"end":{"line":94,"column":36}},"65":{"start":{"line":97,"column":4},"end":{"line":106,"column":6}},"66":{"start":{"line":98,"column":8},"end":{"line":98,"column":96}},"67":{"start":{"line":99,"column":8},"end":{"line":99,"column":52}},"68":{"start":{"line":100,"column":8},"end":{"line":100,"column":62}},"69":{"start":{"line":101,"column":8},"end":{"line":102,"column":29}},"70":{"start":{"line":102,"column":12},"end":{"line":102,"column":29}},"71":{"start":{"line":103,"column":8},"end":{"line":103,"column":45}},"72":{"start":{"line":104,"column":8},"end":{"line":104,"column":43}},"73":{"start":{"line":105,"column":8},"end":{"line":105,"column":25}},"74":{"start":{"line":112,"column":4},"end":{"line":114,"column":6}},"75":{"start":{"line":113,"column":8},"end":{"line":113,"column":33}},"76":{"start":{"line":120,"column":4},"end":{"line":126,"column":6}},"77":{"start":{"line":121,"column":8},"end":{"line":121,"column":39}},"78":{"start":{"line":122,"column":8},"end":{"line":124,"column":11}},"79":{"start":{"line":123,"column":12},"end":{"line":123,"column":135}},"80":{"start":{"line":125,"column":8},"end":{"line":125,"column":27}},"81":{"start":{"line":127,"column":4},"end":{"line":129,"column":6}},"82":{"start":{"line":128,"column":8},"end":{"line":128,"column":35}},"83":{"start":{"line":130,"column":4},"end":{"line":132,"column":6}},"84":{"start":{"line":131,"column":8},"end":{"line":131,"column":32}},"85":{"start":{"line":138,"column":4},"end":{"line":144,"column":6}},"86":{"start":{"line":139,"column":8},"end":{"line":143,"column":11}},"87":{"start":{"line":140,"column":12},"end":{"line":142,"column":13}},"88":{"start":{"line":141,"column":16},"end":{"line":141,"column":38}},"89":{"start":{"line":150,"column":4},"end":{"line":159,"column":6}},"90":{"start":{"line":151,"column":8},"end":{"line":154,"column":11}},"91":{"start":{"line":152,"column":12},"end":{"line":152,"column":50}},"92":{"start":{"line":153,"column":12},"end":{"line":153,"column":86}},"93":{"start":{"line":156,"column":8},"end":{"line":157,"column":72}},"94":{"start":{"line":157,"column":12},"end":{"line":157,"column":72}},"95":{"start":{"line":158,"column":8},"end":{"line":158,"column":27}},"96":{"start":{"line":160,"column":4},"end":{"line":160,"column":18}},"97":{"start":{"line":162,"column":0},"end":{"line":162,"column":24}}},"branchMap":{"1":{"line":7,"type":"binary-expr","locations":[{"start":{"line":7,"column":21},"end":{"line":7,"column":31}},{"start":{"line":7,"column":35},"end":{"line":7,"column":56}},{"start":{"line":7,"column":60},"end":{"line":7,"column":62}}]},"2":{"line":17,"type":"binary-expr","locations":[{"start":{"line":17,"column":64},"end":{"line":17,"column":76}},{"start":{"line":17,"column":80},"end":{"line":17,"column":98}},{"start":{"line":17,"column":102},"end":{"line":17,"column":121}}]},"3":{"line":30,"type":"if","locations":[{"start":{"line":30,"column":8},"end":{"line":30,"column":8}},{"start":{"line":30,"column":8},"end":{"line":30,"column":8}}]},"4":{"line":32,"type":"if","locations":[{"start":{"line":32,"column":8},"end":{"line":32,"column":8}},{"start":{"line":32,"column":8},"end":{"line":32,"column":8}}]},"5":{"line":41,"type":"if","locations":[{"start":{"line":41,"column":8},"end":{"line":41,"column":8}},{"start":{"line":41,"column":8},"end":{"line":41,"column":8}}]},"6":{"line":45,"type":"if","locations":[{"start":{"line":45,"column":12},"end":{"line":45,"column":12}},{"start":{"line":45,"column":12},"end":{"line":45,"column":12}}]},"7":{"line":60,"type":"if","locations":[{"start":{"line":60,"column":8},"end":{"line":60,"column":8}},{"start":{"line":60,"column":8},"end":{"line":60,"column":8}}]},"8":{"line":63,"type":"if","locations":[{"start":{"line":63,"column":8},"end":{"line":63,"column":8}},{"start":{"line":63,"column":8},"end":{"line":63,"column":8}}]},"9":{"line":72,"type":"if","locations":[{"start":{"line":72,"column":8},"end":{"line":72,"column":8}},{"start":{"line":72,"column":8},"end":{"line":72,"column":8}}]},"10":{"line":76,"type":"if","locations":[{"start":{"line":76,"column":12},"end":{"line":76,"column":12}},{"start":{"line":76,"column":12},"end":{"line":76,"column":12}}]},"11":{"line":91,"type":"if","locations":[{"start":{"line":91,"column":8},"end":{"line":91,"column":8}},{"start":{"line":91,"column":8},"end":{"line":91,"column":8}}]},"12":{"line":101,"type":"if","locations":[{"start":{"line":101,"column":8},"end":{"line":101,"column":8}},{"start":{"line":101,"column":8},"end":{"line":101,"column":8}}]},"13":{"line":140,"type":"if","locations":[{"start":{"line":140,"column":12},"end":{"line":140,"column":12}},{"start":{"line":140,"column":12},"end":{"line":140,"column":12}}]},"14":{"line":153,"type":"binary-expr","locations":[{"start":{"line":153,"column":19},"end":{"line":153,"column":34}},{"start":{"line":153,"column":38},"end":{"line":153,"column":59}},{"start":{"line":153,"column":63},"end":{"line":153,"column":85}}]},"15":{"line":156,"type":"if","locations":[{"start":{"line":156,"column":8},"end":{"line":156,"column":8}},{"start":{"line":156,"column":8},"end":{"line":156,"column":8}}]}}}}