TN:
SF:C:\Users\Song sungeun\git\jsflag\lib\ts_flag.js
FN:4,(anonymous_1)
FN:5,TSFlag
FN:15,(anonymous_3)
FN:17,(anonymous_4)
FN:26,(anonymous_5)
FN:37,(anonymous_6)
FN:44,(anonymous_7)
FN:56,(anonymous_8)
FN:68,(anonymous_9)
FN:75,(anonymous_10)
FN:87,(anonymous_11)
FN:97,(anonymous_12)
FN:112,(anonymous_13)
FN:120,(anonymous_14)
FN:122,(anonymous_15)
FN:127,(anonymous_16)
FN:130,(anonymous_17)
FN:138,(anonymous_18)
FN:139,(anonymous_19)
FN:150,(anonymous_20)
FN:151,(anonymous_21)
FNF:21
FNH:18
FNDA:1,(anonymous_1)
FNDA:1,TSFlag
FNDA:1,(anonymous_3)
FNDA:4,(anonymous_4)
FNDA:6,(anonymous_5)
FNDA:2,(anonymous_6)
FNDA:3,(anonymous_7)
FNDA:2,(anonymous_8)
FNDA:1,(anonymous_9)
FNDA:3,(anonymous_10)
FNDA:4,(anonymous_11)
FNDA:2,(anonymous_12)
FNDA:1,(anonymous_13)
FNDA:0,(anonymous_14)
FNDA:0,(anonymous_15)
FNDA:15,(anonymous_16)
FNDA:0,(anonymous_17)
FNDA:7,(anonymous_18)
FNDA:50,(anonymous_19)
FNDA:15,(anonymous_20)
FNDA:95,(anonymous_21)
DA:2,1
DA:3,1
DA:4,1
DA:5,1
DA:6,1
DA:7,1
DA:15,1
DA:16,1
DA:17,4
DA:18,1
DA:19,1
DA:26,1
DA:27,6
DA:28,5
DA:29,5
DA:30,5
DA:31,2
DA:32,3
DA:33,0
DA:34,3
DA:35,3
DA:37,1
DA:38,2
DA:39,2
DA:40,2
DA:41,2
DA:42,1
DA:43,1
DA:44,1
DA:45,3
DA:46,0
DA:47,3
DA:49,1
DA:56,1
DA:57,2
DA:58,1
DA:59,1
DA:60,1
DA:61,1
DA:63,0
DA:64,0
DA:65,0
DA:66,0
DA:68,1
DA:69,1
DA:70,1
DA:71,1
DA:72,1
DA:73,0
DA:74,1
DA:75,1
DA:76,3
DA:77,0
DA:78,3
DA:80,1
DA:87,1
DA:88,4
DA:89,3
DA:90,3
DA:91,3
DA:92,1
DA:93,2
DA:94,2
DA:97,1
DA:98,2
DA:99,2
DA:100,2
DA:101,2
DA:102,1
DA:103,1
DA:104,1
DA:105,1
DA:112,1
DA:113,1
DA:120,1
DA:121,0
DA:122,0
DA:123,0
DA:125,0
DA:127,1
DA:128,15
DA:130,1
DA:131,0
DA:138,1
DA:139,7
DA:140,50
DA:141,10
DA:150,1
DA:151,15
DA:152,95
DA:153,95
DA:156,15
DA:157,0
DA:158,15
DA:160,1
DA:162,1
LF:96
LH:82
BRDA:7,1,0,1
BRDA:7,1,1,0
BRDA:7,1,2,0
BRDA:17,2,0,4
BRDA:17,2,1,3
BRDA:17,2,2,3
BRDA:30,3,0,2
BRDA:30,3,1,3
BRDA:32,4,0,0
BRDA:32,4,1,3
BRDA:41,5,0,1
BRDA:41,5,1,1
BRDA:45,6,0,0
BRDA:45,6,1,3
BRDA:60,7,0,1
BRDA:60,7,1,0
BRDA:63,8,0,0
BRDA:63,8,1,0
BRDA:72,9,0,0
BRDA:72,9,1,1
BRDA:76,10,0,0
BRDA:76,10,1,3
BRDA:91,11,0,1
BRDA:91,11,1,2
BRDA:101,12,0,1
BRDA:101,12,1,1
BRDA:140,13,0,10
BRDA:140,13,1,40
BRDA:153,14,0,95
BRDA:153,14,1,80
BRDA:153,14,2,80
BRDA:156,15,0,0
BRDA:156,15,1,15
BRF:33
BRH:23
end_of_record
